{
  "RSpec": {
    "coverage": {
      "/home/voracious-accelerator-8615/tic-tac-toe-rb-ruby-apply-000/lib/tic_tac_toe.rb": [
        1,
        null,
        1,
        21,
        21,
        21,
        21,
        21,
        null,
        null,
        1,
        18649,
        18649,
        null,
        null,
        1,
        21,
        21,
        null,
        null,
        1,
        288974,
        279615,
        9359,
        0,
        9359,
        0,
        null,
        9359,
        null,
        null,
        null,
        1,
        18649,
        19,
        null,
        18630,
        null,
        null,
        1,
        18648,
        18646,
        18646,
        18646,
        18646,
        18,
        null,
        18646,
        6,
        null,
        18640,
        null,
        16,
        null,
        null,
        1,
        20,
        20,
        180,
        31,
        null,
        null,
        20,
        null,
        null,
        1,
        19,
        null,
        null,
        1,
        55978,
        447669,
        447669,
        447669,
        null,
        447669,
        447669,
        447669,
        null,
        447669,
        42,
        null,
        null,
        55936,
        null,
        null,
        1,
        111924,
        37280,
        null,
        6,
        null,
        null,
        null,
        1,
        18652,
        5,
        0,
        0,
        18647,
        18647,
        null,
        null,
        null,
        1,
        18650,
        10,
        null,
        18640,
        null,
        null,
        null,
        1,
        24,
        11,
        null,
        null,
        null,
        1,
        12,
        6,
        null,
        null,
        12,
        5,
        null,
        7,
        null,
        null
      ]
    },
    "timestamp": 1594609895
  }
}
